[ERROR]2017-01-17 15:14:55  [nioEventLoopGroup-3-1:org.apache.spark.internal.Logging$class.logError(Logging.scala:91):8002] - [ERROR]  Error initializing SparkContext.
org.apache.spark.SparkException: A master URL must be set in your configuration
	at org.apache.spark.SparkContext.<init>(SparkContext.scala:371)
	at org.apache.spark.api.java.JavaSparkContext.<init>(JavaSparkContext.scala:58)
	at com.pujjr.antifraud.util.TransactionMapData.getInstance(TransactionMapData.java:48)
	at com.pujjr.antifraud.com.service.impl.RddFilterImpl.getReader(RddFilterImpl.java:65)
	at com.pujjr.antifraud.com.service.impl.RddFilterImpl.getTableRdd(RddFilterImpl.java:77)
	at com.pujjr.antifraud.com.service.impl.RddServiceImpl.firstTrial(RddServiceImpl.java:55)
	at com.pujjr.antifraud.com.service.impl.SynShortReceiverImpl.doReceive(SynShortReceiverImpl.java:48)
	at com.pujjr.antifraud.com.SocketServerHandler.channelRead(SocketServerHandler.java:60)
	at io.netty.channel.AbstractChannelHandlerContext.invokeChannelRead(AbstractChannelHandlerContext.java:308)
	at io.netty.channel.AbstractChannelHandlerContext.fireChannelRead(AbstractChannelHandlerContext.java:294)
	at io.netty.channel.DefaultChannelPipeline.fireChannelRead(DefaultChannelPipeline.java:846)
	at io.netty.channel.nio.AbstractNioByteChannel$NioByteUnsafe.read(AbstractNioByteChannel.java:131)
	at io.netty.channel.nio.NioEventLoop.processSelectedKey(NioEventLoop.java:511)
	at io.netty.channel.nio.NioEventLoop.processSelectedKeysOptimized(NioEventLoop.java:468)
	at io.netty.channel.nio.NioEventLoop.processSelectedKeys(NioEventLoop.java:382)
	at io.netty.channel.nio.NioEventLoop.run(NioEventLoop.java:354)
	at io.netty.util.concurrent.SingleThreadEventExecutor$2.run(SingleThreadEventExecutor.java:111)
	at io.netty.util.concurrent.DefaultThreadFactory$DefaultRunnableDecorator.run(DefaultThreadFactory.java:137)
	at java.lang.Thread.run(Thread.java:745)
